Sat Apr 28 2018 01:18:18 GMT-0500 (Central Daylight Time): GET /about
Sat Apr 28 2018 01:18:38 GMT-0500 (Central Daylight Time): GET /about
Sat Apr 28 2018 01:21:44 GMT-0500 (Central Daylight Time): GET /about
Sat Apr 28 2018 01:21:58 GMT-0500 (Central Daylight Time): GET /
Sat Apr 28 2018 01:22:20 GMT-0500 (Central Daylight Time): GET /
Sat Apr 28 2018 01:22:24 GMT-0500 (Central Daylight Time): GET /
Sat Apr 28 2018 01:22:38 GMT-0500 (Central Daylight Time): GET /
Sat Apr 28 2018 01:23:35 GMT-0500 (Central Daylight Time): GET /
Sat Apr 28 2018 01:23:36 GMT-0500 (Central Daylight Time): GET /favicon.ico
Sat Apr 28 2018 01:26:41 GMT-0500 (Central Daylight Time): GET /pies
Sat Apr 28 2018 01:27:10 GMT-0500 (Central Daylight Time): GET /pies function status(code) {
  this.statusCode = code;
  return this;
}
Sat Apr 28 2018 01:27:40 GMT-0500 (Central Daylight Time): GET /pies 200
Sat Apr 28 2018 01:28:21 GMT-0500 (Central Daylight Time): GET /pies 200
Sat Apr 28 2018 01:28:34 GMT-0500 (Central Daylight Time): GET /pies 200
Sat Apr 28 2018 01:28:41 GMT-0500 (Central Daylight Time): GET / 200
Sat Apr 28 2018 01:28:43 GMT-0500 (Central Daylight Time): GET / 200
Sat Apr 28 2018 01:29:11 GMT-0500 (Central Daylight Time): GET / 200
Sat Apr 28 2018 01:29:23 GMT-0500 (Central Daylight Time): GET / 200
Sat Apr 28 2018 01:29:24 GMT-0500 (Central Daylight Time): GET / 200
Sat Apr 28 2018 01:29:32 GMT-0500 (Central Daylight Time): GET / 200
Sat Apr 28 2018 01:29:36 GMT-0500 (Central Daylight Time): GET /404 200
Sat Apr 28 2018 01:30:52 GMT-0500 (Central Daylight Time): GET /404 200
Sat Apr 28 2018 01:30:55 GMT-0500 (Central Daylight Time): GET / 200
Sat Apr 28 2018 01:30:57 GMT-0500 (Central Daylight Time): GET / 200
